TN:
SF:C:\Users\Dell_User\Desktop\Quick-credit/app.js
FN:15,(anonymous_1)
FNF:1
FNH:1
FNDA:1,(anonymous_1)
DA:1,1
DA:2,1
DA:3,1
DA:4,1
DA:7,1
DA:9,1
DA:10,1
DA:11,1
DA:14,1
DA:15,1
DA:16,1
DA:19,1
LF:12
LH:12
BRDA:14,0,0,1
BRDA:14,0,1,1
BRF:2
BRH:2
end_of_record
TN:
SF:C:\Users\Dell_User\Desktop\Quick-credit\server\Helper/helper.js
FN:6,hashPassword
FNF:1
FNH:1
FNDA:27,hashPassword
DA:1,1
DA:2,1
DA:3,1
DA:5,1
DA:6,1
DA:8,3
DA:11,1
DA:14,0
DA:17,23
DA:21,23
DA:25,1
LF:11
LH:10
BRF:0
BRH:0
end_of_record
TN:
SF:C:\Users\Dell_User\Desktop\Quick-credit\server\controllers/loans.js
FN:4,getLoanById
FN:6,(anonymous_2)
FN:17,(anonymous_4)
FN:24,(anonymous_5)
FN:31,(anonymous_6)
FN:39,(anonymous_8)
FN:69,(anonymous_11)
FN:78,(anonymous_13)
FNF:8
FNH:8
FNDA:8,getLoanById
FNDA:1,(anonymous_2)
FNDA:6,(anonymous_4)
FNDA:6,(anonymous_5)
FNDA:6,(anonymous_6)
FNDA:1,(anonymous_8)
FNDA:1,(anonymous_11)
FNDA:1,(anonymous_13)
DA:1,1
DA:2,1
DA:4,1
DA:6,1
DA:7,1
DA:8,1
DA:14,3
DA:15,3
DA:16,3
DA:17,6
DA:18,1
DA:23,2
DA:24,6
DA:25,1
DA:30,1
DA:31,6
DA:32,1
DA:39,1
DA:40,1
DA:46,1
DA:47,1
DA:48,1
DA:49,1
DA:62,1
DA:63,1
DA:69,1
DA:70,1
DA:71,1
DA:77,1
DA:78,1
DA:79,1
DA:89,1
DA:90,1
DA:97,1
LF:34
LH:34
BRDA:7,0,0,1
BRDA:7,0,1,0
BRDA:16,1,0,1
BRDA:16,1,1,2
BRDA:16,2,0,3
BRDA:16,2,1,2
BRDA:17,3,0,6
BRDA:17,3,1,4
BRDA:23,4,0,1
BRDA:23,4,1,1
BRDA:23,5,0,2
BRDA:23,5,1,1
BRDA:24,6,0,6
BRDA:24,6,1,4
BRDA:30,7,0,1
BRDA:30,7,1,0
BRDA:30,8,0,1
BRDA:30,8,1,0
BRF:18
BRH:15
end_of_record
TN:
SF:C:\Users\Dell_User\Desktop\Quick-credit\server\controllers/users.js
FN:4,create
FN:28,(anonymous_3)
FN:36,(anonymous_5)
FNF:3
FNH:3
FNDA:3,create
FNDA:1,(anonymous_3)
FNDA:2,(anonymous_5)
DA:1,1
DA:2,1
DA:4,1
DA:6,1
DA:7,1
DA:21,1
DA:22,1
DA:28,1
DA:29,1
DA:30,1
DA:36,2
DA:37,1
DA:38,1
DA:44,1
LF:14
LH:14
BRF:0
BRH:0
end_of_record
TN:
SF:C:\Users\Dell_User\Desktop\Quick-credit\server\middleware/auth.js
FN:6,verifyToken
FN:15,(anonymous_2)
FNF:2
FNH:2
FNDA:26,verifyToken
FNDA:23,(anonymous_2)
DA:1,1
DA:2,1
DA:4,1
DA:6,1
DA:8,26
DA:9,26
DA:10,3
DA:15,23
DA:16,23
DA:17,0
DA:23,23
DA:27,1
LF:12
LH:11
BRDA:9,0,0,3
BRDA:9,0,1,23
BRDA:16,1,0,0
BRDA:16,1,1,23
BRF:4
BRH:3
end_of_record
TN:
SF:C:\Users\Dell_User\Desktop\Quick-credit\server\middleware/validation.js
FN:7,verifyInput
FN:11,(anonymous_2)
FN:51,(anonymous_3)
FN:65,(anonymous_5)
FN:83,(anonymous_6)
FN:99,(anonymous_8)
FN:115,(anonymous_10)
FN:131,(anonymous_12)
FN:141,(anonymous_14)
FN:153,(anonymous_16)
FN:188,(anonymous_17)
FN:198,(anonymous_19)
FN:221,(anonymous_21)
FNF:13
FNH:13
FNDA:43,verifyInput
FNDA:40,(anonymous_2)
FNDA:2,(anonymous_3)
FNDA:2,(anonymous_5)
FNDA:1,(anonymous_6)
FNDA:20,(anonymous_8)
FNDA:6,(anonymous_10)
FNDA:4,(anonymous_12)
FNDA:3,(anonymous_14)
FNDA:25,(anonymous_16)
FNDA:6,(anonymous_17)
FNDA:11,(anonymous_19)
FNDA:8,(anonymous_21)
DA:1,1
DA:2,1
DA:3,1
DA:4,1
DA:5,1
DA:7,1
DA:8,6
DA:9,8
DA:10,8
DA:11,8
DA:12,40
DA:13,6
DA:16,8
DA:17,2
DA:25,6
DA:26,6
DA:28,4
DA:33,2
DA:34,1
DA:39,1
DA:40,0
DA:45,1
DA:46,0
DA:51,2
DA:52,1
DA:53,0
DA:60,1
DA:63,1
DA:64,1
DA:65,1
DA:66,2
DA:67,0
DA:70,1
DA:71,0
DA:77,1
DA:78,0
DA:83,1
DA:84,1
DA:85,0
DA:90,1
DA:91,0
DA:96,1
DA:99,20
DA:100,16
DA:101,2
DA:106,14
DA:107,0
DA:112,14
DA:115,6
DA:116,3
DA:117,1
DA:122,2
DA:123,1
DA:128,1
DA:131,4
DA:132,2
DA:133,1
DA:138,1
DA:141,3
DA:142,2
DA:143,1
DA:148,1
DA:150,4
DA:151,5
DA:152,5
DA:153,5
DA:154,25
DA:155,1
DA:158,5
DA:159,1
DA:167,4
DA:168,4
DA:170,1
DA:175,3
DA:176,1
DA:181,2
DA:183,1
DA:188,6
DA:189,1
DA:190,0
DA:195,1
DA:198,11
DA:199,3
DA:200,1
DA:205,2
DA:206,1
DA:211,1
DA:214,3
DA:216,1
DA:221,8
DA:222,2
DA:223,1
DA:228,1
DA:231,1
LF:94
LH:84
BRDA:12,0,0,6
BRDA:12,0,1,34
BRDA:16,1,0,2
BRDA:16,1,1,6
BRDA:26,2,0,4
BRDA:26,2,1,2
BRDA:26,3,0,6
BRDA:26,3,1,5
BRDA:26,3,2,2
BRDA:26,3,3,2
BRDA:33,4,0,1
BRDA:33,4,1,1
BRDA:39,5,0,0
BRDA:39,5,1,1
BRDA:45,6,0,0
BRDA:45,6,1,1
BRDA:52,7,0,0
BRDA:52,7,1,1
BRDA:66,8,0,0
BRDA:66,8,1,2
BRDA:70,9,0,0
BRDA:70,9,1,1
BRDA:77,10,0,0
BRDA:77,10,1,1
BRDA:77,11,0,1
BRDA:77,11,1,1
BRDA:84,12,0,0
BRDA:84,12,1,1
BRDA:90,13,0,0
BRDA:90,13,1,1
BRDA:100,14,0,2
BRDA:100,14,1,14
BRDA:106,15,0,0
BRDA:106,15,1,14
BRDA:116,16,0,1
BRDA:116,16,1,2
BRDA:122,17,0,1
BRDA:122,17,1,1
BRDA:132,18,0,1
BRDA:132,18,1,1
BRDA:132,19,0,2
BRDA:132,19,1,2
BRDA:142,20,0,1
BRDA:142,20,1,1
BRDA:154,21,0,1
BRDA:154,21,1,24
BRDA:158,22,0,1
BRDA:158,22,1,4
BRDA:168,23,0,1
BRDA:168,23,1,3
BRDA:168,24,0,4
BRDA:168,24,1,4
BRDA:168,24,2,4
BRDA:168,24,3,3
BRDA:175,25,0,1
BRDA:175,25,1,2
BRDA:181,26,0,1
BRDA:181,26,1,1
BRDA:181,27,0,2
BRDA:181,27,1,1
BRDA:181,27,2,1
BRDA:181,27,3,1
BRDA:181,27,4,1
BRDA:189,28,0,0
BRDA:189,28,1,1
BRDA:199,29,0,1
BRDA:199,29,1,2
BRDA:205,30,0,1
BRDA:205,30,1,1
BRDA:214,31,0,1
BRDA:214,31,1,2
BRDA:214,32,0,3
BRDA:214,32,1,3
BRDA:214,32,2,2
BRDA:222,33,0,1
BRDA:222,33,1,1
BRDA:222,34,0,2
BRDA:222,34,1,1
BRDA:222,34,2,1
BRF:79
BRH:69
end_of_record
TN:
SF:C:\Users\Dell_User\Desktop\Quick-credit\server\model/dbLoans.js
FNF:0
FNH:0
DA:2,1
DA:80,1
LF:2
LH:2
BRF:0
BRH:0
end_of_record
TN:
SF:C:\Users\Dell_User\Desktop\Quick-credit\server\model/dbRepayment.js
FNF:0
FNH:0
DA:1,1
DA:21,1
LF:2
LH:2
BRF:0
BRH:0
end_of_record
TN:
SF:C:\Users\Dell_User\Desktop\Quick-credit\server\model/dbUsers.js
FNF:0
FNH:0
DA:1,1
DA:3,1
DA:33,1
LF:3
LH:3
BRF:0
BRH:0
end_of_record
TN:
SF:C:\Users\Dell_User\Desktop\Quick-credit\server\routes/loans.js
FNF:0
FNH:0
DA:1,1
DA:2,1
DA:3,1
DA:4,1
DA:6,1
DA:10,1
DA:13,1
DA:14,1
DA:16,1
DA:17,1
DA:18,1
DA:19,1
DA:20,1
DA:21,1
DA:23,1
LF:15
LH:15
BRF:0
BRH:0
end_of_record
TN:
SF:C:\Users\Dell_User\Desktop\Quick-credit\server\routes/router.js
FNF:0
FNH:0
DA:1,1
DA:2,1
DA:3,1
DA:4,1
DA:6,1
DA:8,1
DA:9,1
DA:10,1
DA:13,1
DA:15,1
DA:16,1
DA:18,1
LF:12
LH:12
BRF:0
BRH:0
end_of_record
