TN:
SF:C:\Users\Dell_User\Desktop\Quick-credit/app.js
FN:12,(anonymous_1)
FN:13,(anonymous_2)
FN:17,(anonymous_3)
FNF:3
FNH:1
FNDA:0,(anonymous_1)
FNDA:0,(anonymous_2)
FNDA:1,(anonymous_3)
DA:1,1
DA:2,1
DA:3,1
DA:4,1
DA:7,1
DA:9,1
DA:10,1
DA:11,1
DA:12,1
DA:13,1
DA:16,1
DA:17,1
DA:18,1
DA:21,1
LF:14
LH:14
BRDA:16,0,0,1
BRDA:16,0,1,1
BRF:2
BRH:2
end_of_record
TN:
SF:C:\Users\Dell_User\Desktop\Quick-credit\server\Helper/helper.js
FN:6,hashPassword
FNF:1
FNH:1
FNDA:3,hashPassword
DA:1,1
DA:2,1
DA:3,1
DA:5,1
DA:6,1
DA:13,2
DA:20,0
DA:24,1
DA:32,0
DA:33,0
DA:34,0
DA:37,0
DA:41,0
DA:45,1
LF:14
LH:8
BRDA:33,0,0,0
BRDA:33,0,1,0
BRF:2
BRH:0
end_of_record
TN:
SF:C:\Users\Dell_User\Desktop\Quick-credit\server\Helper/responseMessage.js
FN:1,errorMessage
FNF:1
FNH:1
FNDA:5,errorMessage
DA:1,1
DA:3,5
DA:9,0
DA:16,1
LF:4
LH:3
BRF:0
BRH:0
end_of_record
TN:
SF:C:\Users\Dell_User\Desktop\Quick-credit\server\middleware/auth.js
FN:7,verifyToken
FN:21,(anonymous_2)
FN:43,(anonymous_4)
FNF:3
FNH:0
FNDA:0,verifyToken
FNDA:0,(anonymous_2)
FNDA:0,(anonymous_4)
DA:1,1
DA:2,1
DA:3,1
DA:5,1
DA:7,1
DA:15,0
DA:16,0
DA:17,0
DA:21,0
DA:22,0
DA:23,0
DA:28,0
DA:37,0
DA:38,0
DA:39,0
DA:43,0
DA:44,0
DA:45,0
DA:49,0
DA:54,1
LF:20
LH:6
BRDA:16,0,0,0
BRDA:16,0,1,0
BRDA:22,1,0,0
BRDA:22,1,1,0
BRDA:38,2,0,0
BRDA:38,2,1,0
BRDA:44,3,0,0
BRDA:44,3,1,0
BRF:8
BRH:0
end_of_record
TN:
SF:C:\Users\Dell_User\Desktop\Quick-credit\server\middleware/dbValidations.js
FN:17,verifyInput
FN:27,(anonymous_2)
FN:61,(anonymous_3)
FNF:3
FNH:3
FNDA:6,verifyInput
FNDA:30,(anonymous_2)
FNDA:1,(anonymous_3)
DA:1,1
DA:2,1
DA:3,1
DA:4,1
DA:5,1
DA:6,1
DA:7,1
DA:8,1
DA:11,1
DA:13,1
DA:17,1
DA:24,5
DA:25,6
DA:26,6
DA:27,6
DA:28,30
DA:29,1
DA:32,6
DA:33,1
DA:39,5
DA:40,5
DA:42,3
DA:46,2
DA:47,1
DA:51,1
DA:52,0
DA:56,1
DA:57,0
DA:61,1
DA:62,1
DA:63,0
DA:67,0
DA:71,1
LF:33
LH:29
BRDA:28,0,0,1
BRDA:28,0,1,29
BRDA:32,1,0,1
BRDA:32,1,1,5
BRDA:40,2,0,3
BRDA:40,2,1,2
BRDA:40,3,0,5
BRDA:40,3,1,4
BRDA:40,3,2,2
BRDA:40,3,3,2
BRDA:46,4,0,1
BRDA:46,4,1,1
BRDA:51,5,0,0
BRDA:51,5,1,1
BRDA:56,6,0,0
BRDA:56,6,1,1
BRDA:62,7,0,0
BRDA:62,7,1,0
BRF:18
BRH:14
end_of_record
TN:
SF:C:\Users\Dell_User\Desktop\Quick-credit\server\model/dbLoans.js
FNF:0
FNH:0
DA:2,1
DA:80,1
LF:2
LH:2
BRF:0
BRH:0
end_of_record
TN:
SF:C:\Users\Dell_User\Desktop\Quick-credit\server\model/dbRepayment.js
FNF:0
FNH:0
DA:1,1
DA:21,1
LF:2
LH:2
BRF:0
BRH:0
end_of_record
TN:
SF:C:\Users\Dell_User\Desktop\Quick-credit\server\model/dbUsers.js
FNF:0
FNH:0
DA:1,1
DA:3,1
DA:33,1
LF:3
LH:3
BRF:0
BRH:0
end_of_record
TN:
SF:C:\Users\Dell_User\Desktop\Quick-credit\server\queries/userQueries.js
FN:11,creates
FN:25,(anonymous_2)
FNF:2
FNH:0
FNDA:0,creates
FNDA:0,(anonymous_2)
DA:1,1
DA:2,1
DA:3,1
DA:5,1
DA:7,1
DA:11,1
DA:12,0
DA:13,0
DA:16,0
DA:17,0
DA:18,0
DA:19,0
DA:20,0
DA:21,0
DA:25,0
DA:26,0
DA:27,0
DA:29,0
DA:36,1
LF:19
LH:7
BRDA:26,0,0,0
BRDA:26,0,1,0
BRF:2
BRH:0
end_of_record
TN:
SF:C:\Users\Dell_User\Desktop\Quick-credit\server\routes/loans.js
FNF:0
FNH:0
DA:1,1
DA:2,1
DA:3,1
DA:4,1
DA:5,1
DA:6,1
DA:8,1
DA:13,1
DA:16,1
DA:17,1
DA:21,1
LF:11
LH:11
BRF:0
BRH:0
end_of_record
TN:
SF:C:\Users\Dell_User\Desktop\Quick-credit\server\routes/router.js
FNF:0
FNH:0
DA:1,1
DA:2,1
DA:3,1
DA:4,1
DA:5,1
DA:6,1
DA:8,1
DA:11,1
DA:13,1
DA:14,1
DA:17,1
DA:21,1
LF:12
LH:12
BRF:0
BRH:0
end_of_record
